<?xml version="1.0" encoding="UTF-8"?>
<!-- Generated by org.testng.reporters.JUnitReportReporter -->
<testsuite hostname="eWorxlap-179" failures="0" tests="2" name="tests.ProductsTest" time="6.657" errors="0" timestamp="2025-09-17T16:40:40 PKT" skipped="0">
  <testcase classname="tests.ProductsTest" name="testAddItemToCart" time="3.971"/>
  <testcase classname="tests.ProductsTest" name="testProductsPageDisplayed" time="2.686"/>
</testsuite> <!-- tests.ProductsTest -->
